*** Using Compiler 'V5.06 update 5 (build 528)', folder: 'G:\keilv\ARM\ARMCC\Bin'
Rebuild target 'JNXYD_CAR'
assembling startup_stm32f40_41xxx.s...
compiling system_stm32f4xx.c...
compiling misc.c...
compiling stm32f4xx_cryp_des.c...
compiling stm32f4xx_cryp_tdes.c...
compiling stm32f4xx_cryp.c...
compiling stm32f4xx_crc.c...
compiling stm32f4xx_can.c...
compiling stm32f4xx_adc.c...
compiling stm32f4xx_cec.c...
compiling stm32f4xx_cryp_aes.c...
compiling stm32f4xx_dac.c...
compiling stm32f4xx_dbgmcu.c...
compiling stm32f4xx_dfsdm.c...
compiling stm32f4xx_exti.c...
compiling stm32f4xx_dma2d.c...
compiling stm32f4xx_fmpi2c.c...
compiling stm32f4xx_flash_ramfunc.c...
compiling stm32f4xx_dma.c...
compiling stm32f4xx_fsmc.c...
compiling stm32f4xx_flash.c...
compiling stm32f4xx_dcmi.c...
compiling stm32f4xx_dsi.c...
compiling stm32f4xx_gpio.c...
compiling stm32f4xx_hash.c...
compiling stm32f4xx_hash_md5.c...
compiling stm32f4xx_lptim.c...
compiling stm32f4xx_iwdg.c...
compiling stm32f4xx_rcc.c...
compiling stm32f4xx_pwr.c...
compiling stm32f4xx_hash_sha1.c...
compiling stm32f4xx_ltdc.c...
compiling stm32f4xx_i2c.c...
compiling stm32f4xx_qspi.c...
compiling stm32f4xx_rng.c...
compiling stm32f4xx_sai.c...
compiling stm32f4xx_syscfg.c...
compiling stm32f4xx_wwdg.c...
compiling stm32f4xx_spi.c...
compiling stm32f4xx_spdifrx.c...
compiling gpio.c...
compiling main.c...
..\User\src\main.c(37): warning:  #223-D: function "Delay_ms" declared implicitly
          Delay_ms(1000);  // å»¶è¿Ÿ1ç§?
..\User\src\main.c(46): warning:  #223-D: function "Delay_ms" declared implicitly
          Delay_ms(200);  // å»¶è¿Ÿ200æ¯«ç§’
..\User\src\main.c: 2 warnings, 0 errors
compiling stm32f4xx_sdio.c...
compiling stm32f4xx_rtc.c...
compiling stm32f4xx_usart.c...
compiling stm32f4xx_tim.c...
compiling timer.c...
compiling motor.c...
compiling oled.c...
..\User\src\oled.c(71): warning:  #68-D: integer conversion resulted in a change of sign
  			return -1;
..\User\src\oled.c: 1 warning, 0 errors
compiling usart.c...
compiling pstwo.c...
compiling voice.c...
compiling bc7210.c...
compiling sr04.c...
linking...
.\Objects\jnxyd_car.axf: Error: L6218E: Undefined symbol Delay_ms (referred from main.o).
Not enough information to list image symbols.
Not enough information to list load addresses in the image map.
Finished: 2 information, 0 warning and 1 error messages.
".\Objects\jnxyd_car.axf" - 1 Error(s), 3 Warning(s).
Target not created.
Build Time Elapsed:  00:00:08
